[0.013s] Invoking command in '/home/lidia/ros2_ws/src/build/uc1_tactile_images': CMAKE_PREFIX_PATH=/home/lidia/ros2_ws/install/uc1_tactile_images:/opt/ros/jazzy:/home/lidia/ros2_ws/install/cyskin_acquisition:/opt/ros/jazzy/opt/gz_math_vendor:/opt/ros/jazzy/opt/gz_utils_vendor:/opt/ros/jazzy/opt/gz_cmake_vendor DEBUGINFOD_URLS=https://debuginfod.ubuntu.com /usr/bin/cmake /home/lidia/ros2_ws/src/uc1_tactile_images -DCMAKE_INSTALL_PREFIX=/home/lidia/ros2_ws/src/install/uc1_tactile_images
[0.099s] -- The CXX compiler identification is GNU 13.3.0
[0.120s] -- Detecting CXX compiler ABI info
[0.264s] -- Detecting CXX compiler ABI info - done
[0.299s] -- Check for working CXX compiler: /usr/bin/c++ - skipped
[0.300s] -- Detecting CXX compile features
[0.303s] -- Detecting CXX compile features - done
[0.319s] -- Found ament_cmake: 2.5.4 (/opt/ros/jazzy/share/ament_cmake/cmake)
[0.620s] -- Found Python3: /usr/bin/python3 (found version "3.12.3") found components: Interpreter 
[0.783s] -- Found rclcpp: 28.1.12 (/opt/ros/jazzy/share/rclcpp/cmake)
[0.866s] -- Found rosidl_generator_c: 4.6.6 (/opt/ros/jazzy/share/rosidl_generator_c/cmake)
[0.901s] -- Found rosidl_generator_cpp: 4.6.6 (/opt/ros/jazzy/share/rosidl_generator_cpp/cmake)
[0.927s] -- Using all available rosidl_typesupport_c: rosidl_typesupport_fastrtps_c;rosidl_typesupport_introspection_c
[0.955s] -- Using all available rosidl_typesupport_cpp: rosidl_typesupport_fastrtps_cpp;rosidl_typesupport_introspection_cpp
[1.078s] -- Found rmw_implementation_cmake: 7.3.2 (/opt/ros/jazzy/share/rmw_implementation_cmake/cmake)
[1.081s] -- Found rmw_fastrtps_cpp: 8.4.3 (/opt/ros/jazzy/share/rmw_fastrtps_cpp/cmake)
[1.203s] -- Found OpenSSL: /usr/lib/x86_64-linux-gnu/libcrypto.so (found version "3.0.13")  
[1.239s] -- Found FastRTPS: /opt/ros/jazzy/include (Required is at least version "2.13") 
[1.285s] -- Using RMW implementation 'rmw_fastrtps_cpp' as default
[1.415s] -- Found example_interfaces: 0.12.0 (/opt/ros/jazzy/share/example_interfaces/cmake)
[1.520s] -- Found std_msgs: 5.3.6 (/opt/ros/jazzy/share/std_msgs/cmake)
[1.545s] -- Found sensor_msgs: 5.3.6 (/opt/ros/jazzy/share/sensor_msgs/cmake)
[1.618s] -- Found visualization_msgs: 5.3.6 (/opt/ros/jazzy/share/visualization_msgs/cmake)
[1.671s] -- Found interactive_markers: 2.5.5 (/opt/ros/jazzy/share/interactive_markers/cmake)
[1.691s] -- Found tf2_ros: 0.36.14 (/opt/ros/jazzy/share/tf2_ros/cmake)
[1.891s] -- Found tf2_eigen: 0.36.14 (/opt/ros/jazzy/share/tf2_eigen/cmake)
[1.906s] -- Found tf2_geometry_msgs: 0.36.14 (/opt/ros/jazzy/share/tf2_geometry_msgs/cmake)
[1.919s] -- Found eigen3_cmake_module: 0.3.0 (/opt/ros/jazzy/share/eigen3_cmake_module/cmake)
[1.921s] -- Found Eigen3: TRUE (found version "3.4.0") 
[1.921s] -- Ensuring Eigen3 include directory is part of orocos-kdl CMake target
[1.926s] -- Found pcl_conversions: 2.6.2 (/opt/ros/jazzy/share/pcl_conversions/cmake)
[2.042s] [33mCMake Warning (dev) at /usr/lib/x86_64-linux-gnu/cmake/pcl/Modules/FindFLANN.cmake:45 (find_package):
[2.043s]   Policy CMP0144 is not set: find_package uses upper-case <PACKAGENAME>_ROOT
[2.043s]   variables.  Run "cmake --help-policy CMP0144" for policy details.  Use the
[2.043s]   cmake_policy command to set the policy and suppress this warning.
[2.043s] 
[2.043s]   CMake variable FLANN_ROOT is set to:
[2.043s] 
[2.043s]     /usr
[2.043s] 
[2.043s]   For compatibility, find_package is ignoring the variable, but code in a
[2.044s]   .cmake module might still use it.
[2.044s] Call Stack (most recent call first):
[2.044s]   /usr/lib/x86_64-linux-gnu/cmake/pcl/PCLConfig.cmake:261 (find_package)
[2.044s]   /usr/lib/x86_64-linux-gnu/cmake/pcl/PCLConfig.cmake:306 (find_flann)
[2.044s]   /usr/lib/x86_64-linux-gnu/cmake/pcl/PCLConfig.cmake:570 (find_external_library)
[2.044s]   /opt/ros/jazzy/share/pcl_conversions/cmake/ament_cmake_export_dependencies-extras.cmake:21 (find_package)
[2.044s]   /opt/ros/jazzy/share/pcl_conversions/cmake/pcl_conversionsConfig.cmake:41 (include)
[2.045s]   CMakeLists.txt:27 (find_package)
[2.045s] This warning is for project developers.  Use -Wno-dev to suppress it.
[2.045s] [0m
[2.045s] -- Found flann version 1.9.2
[2.922s] -- Found OpenMP_CXX: -fopenmp (found version "4.5") 
[2.922s] -- Found OpenMP: TRUE (found version "4.5") found components: CXX 
[5.541s] -- Checking for module 'libusb-1.0'
[5.559s] --   Found libusb-1.0, version 1.0.27
[5.605s] -- Found libusb: /usr/lib/x86_64-linux-gnu/libusb-1.0.so  
[5.608s] -- OpenNI found (version: 1.5.4.0, include: /usr/include/ni, lib: /usr/lib/libOpenNI.so;libusb::libusb)
[5.713s] -- OpenNI2 found (version: 2.2.0.33, include: /usr/include/openni2, lib: /usr/lib/x86_64-linux-gnu/libOpenNI2.so;libusb::libusb)
[5.724s] -- Could NOT find Pcap (missing: PCAP_LIBRARIES PCAP_INCLUDE_DIRS) 
[5.769s] -- Found ZLIB: /usr/lib/x86_64-linux-gnu/libz.so (found version "1.3")  
[5.822s] -- Found PNG: /usr/lib/x86_64-linux-gnu/libpng.so (found version "1.6.43") 
[6.484s] -- OpenNI found (version: 1.5.4.0, include: /usr/include/ni, lib: /usr/lib/libOpenNI.so;libusb::libusb)
[6.493s] -- OpenNI2 found (version: 2.2.0.33, include: /usr/include/openni2, lib: /usr/lib/x86_64-linux-gnu/libOpenNI2.so;libusb::libusb)
[7.161s] -- Found Qhull version 8.0.2
[7.764s] -- OpenNI found (version: 1.5.4.0, include: /usr/include/ni, lib: /usr/lib/libOpenNI.so;libusb::libusb)
[8.411s] -- Found PCL_COMMON: /usr/lib/x86_64-linux-gnu/libpcl_common.so  
[8.413s] -- Found PCL_KDTREE: /usr/lib/x86_64-linux-gnu/libpcl_kdtree.so  
[8.415s] -- Found PCL_OCTREE: /usr/lib/x86_64-linux-gnu/libpcl_octree.so  
[8.417s] -- Found PCL_SEARCH: /usr/lib/x86_64-linux-gnu/libpcl_search.so  
[8.419s] -- Found PCL_SAMPLE_CONSENSUS: /usr/lib/x86_64-linux-gnu/libpcl_sample_consensus.so  
[8.421s] -- Found PCL_FILTERS: /usr/lib/x86_64-linux-gnu/libpcl_filters.so  
[8.422s] -- Found PCL_2D: /usr/include/pcl-1.14  
[8.423s] -- Found PCL_GEOMETRY: /usr/include/pcl-1.14  
[8.425s] -- Found PCL_IO: /usr/lib/x86_64-linux-gnu/libpcl_io.so  
[8.427s] -- Found PCL_FEATURES: /usr/lib/x86_64-linux-gnu/libpcl_features.so  
[8.429s] -- Found PCL_ML: /usr/lib/x86_64-linux-gnu/libpcl_ml.so  
[8.431s] -- Found PCL_SEGMENTATION: /usr/lib/x86_64-linux-gnu/libpcl_segmentation.so  
[8.434s] -- Found PCL_VISUALIZATION: /usr/lib/x86_64-linux-gnu/libpcl_visualization.so  
[8.436s] -- Found PCL_SURFACE: /usr/lib/x86_64-linux-gnu/libpcl_surface.so  
[8.438s] -- Found PCL_REGISTRATION: /usr/lib/x86_64-linux-gnu/libpcl_registration.so  
[8.440s] -- Found PCL_KEYPOINTS: /usr/lib/x86_64-linux-gnu/libpcl_keypoints.so  
[8.442s] -- Found PCL_TRACKING: /usr/lib/x86_64-linux-gnu/libpcl_tracking.so  
[8.444s] -- Found PCL_RECOGNITION: /usr/lib/x86_64-linux-gnu/libpcl_recognition.so  
[8.446s] -- Found PCL_STEREO: /usr/lib/x86_64-linux-gnu/libpcl_stereo.so  
[8.449s] -- Found PCL_APPS: /usr/lib/x86_64-linux-gnu/libpcl_apps.so  
[8.450s] -- Found PCL_IN_HAND_SCANNER: /usr/include/pcl-1.14  
[8.451s] -- Found PCL_MODELER: /usr/include/pcl-1.14  
[8.452s] -- Found PCL_POINT_CLOUD_EDITOR: /usr/include/pcl-1.14  
[8.454s] -- Found PCL_OUTOFCORE: /usr/lib/x86_64-linux-gnu/libpcl_outofcore.so  
[8.456s] -- Found PCL_PEOPLE: /usr/lib/x86_64-linux-gnu/libpcl_people.so  
[8.468s] -- Found pcl_ros: 2.6.2 (/opt/ros/jazzy/share/pcl_ros/cmake)
[8.509s] -- Found urdf: 2.10.0 (/opt/ros/jazzy/share/urdf/cmake)
[8.538s] -- Could NOT find Doxygen (missing: DOXYGEN_EXECUTABLE) 
[8.551s] -- Found cv_bridge: 4.1.0 (/opt/ros/jazzy/share/cv_bridge/cmake)
[8.579s] -- Found OpenCV: /usr (found version "4.6.0") 
[8.581s] -- Found image_transport: 5.1.7 (/opt/ros/jazzy/share/image_transport/cmake)
[8.590s] -- Found rosidl_default_generators: 1.6.0 (/opt/ros/jazzy/share/rosidl_default_generators/cmake)
[8.616s] -- Found rosidl_adapter: 4.6.6 (/opt/ros/jazzy/share/rosidl_adapter/cmake)
[9.674s] -- Found ament_cmake_ros: 0.12.0 (/opt/ros/jazzy/share/ament_cmake_ros/cmake)
[11.369s] -- Using all available rosidl_typesupport_c: rosidl_typesupport_fastrtps_c;rosidl_typesupport_introspection_c
[12.040s] -- Using all available rosidl_typesupport_cpp: rosidl_typesupport_fastrtps_cpp;rosidl_typesupport_introspection_cpp
[12.050s] -- Found python_cmake_module: 0.11.1 (/opt/ros/jazzy/share/python_cmake_module/cmake)
[12.381s] -- Found PythonExtra: /usr/bin/python3  
[13.168s] -- Found Python3: /usr/bin/python3 (found version "3.12.3") found components: Interpreter Development NumPy Development.Module Development.Embed 
[13.302s] -- OPTIONS: OPENCV support ENABLED
[13.341s] [0mCMake Deprecation Warning at /opt/ros/jazzy/share/rosidl_cmake/cmake/rosidl_target_interfaces.cmake:32 (message):
[13.341s]   Use rosidl_get_typesupport_target() and target_link_libraries() instead of
[13.341s]   rosidl_target_interfaces().  i.e:
[13.341s] 
[13.342s]     rosidl_get_typesupport_target(cpp_typesupport_target "${PROJECT_NAME}" "rosidl_typesupport_cpp")
[13.342s]     target_link_libraries(${PROJECT_NAME}_node "${cpp_typesupport_target}")
[13.342s] 
[13.342s] Call Stack (most recent call first):
[13.342s]   CMakeLists.txt:108 (rosidl_target_interfaces)
[13.343s] 
[13.343s] [0m
[13.379s] [0mCMake Deprecation Warning at /opt/ros/jazzy/share/rosidl_cmake/cmake/rosidl_target_interfaces.cmake:32 (message):
[13.379s]   Use rosidl_get_typesupport_target() and target_link_libraries() instead of
[13.379s]   rosidl_target_interfaces().  i.e:
[13.379s] 
[13.379s]     rosidl_get_typesupport_target(cpp_typesupport_target "${PROJECT_NAME}" "rosidl_typesupport_cpp")
[13.380s]     target_link_libraries(${PROJECT_NAME}_node "${cpp_typesupport_target}")
[13.380s] 
[13.380s] Call Stack (most recent call first):
[13.380s]   CMakeLists.txt:138 (rosidl_target_interfaces)
[13.380s] 
[13.381s] [0m
[13.405s] [0mCMake Deprecation Warning at /opt/ros/jazzy/share/rosidl_cmake/cmake/rosidl_target_interfaces.cmake:32 (message):
[13.406s]   Use rosidl_get_typesupport_target() and target_link_libraries() instead of
[13.406s]   rosidl_target_interfaces().  i.e:
[13.406s] 
[13.406s]     rosidl_get_typesupport_target(cpp_typesupport_target "${PROJECT_NAME}" "rosidl_typesupport_cpp")
[13.406s]     target_link_libraries(${PROJECT_NAME}_node "${cpp_typesupport_target}")
[13.406s] 
[13.406s] Call Stack (most recent call first):
[13.406s]   CMakeLists.txt:168 (rosidl_target_interfaces)
[13.406s] 
[13.406s] [0m
[13.413s] -- Found ament_lint_auto: 0.17.3 (/opt/ros/jazzy/share/ament_lint_auto/cmake)
[13.512s] -- Added test 'cppcheck' to perform static code analysis on C / C++ code
[13.516s] -- Configured cppcheck include dirs: /home/lidia/ros2_ws/src/uc1_tactile_images/include
[13.516s] -- Configured cppcheck exclude dirs and/or files: 
[13.521s] -- Added test 'flake8' to check Python code syntax and style conventions
[13.522s] -- Configured 'flake8' exclude dirs and/or files: 
[13.528s] -- Added test 'lint_cmake' to check CMake code style
[13.532s] -- Added test 'pep257' to check Python code against some of the docstring style conventions in PEP 257
[13.553s] -- Added test 'uncrustify' to check C / C++ code style
[13.553s] -- Configured uncrustify additional arguments: 
[13.556s] -- Added test 'xmllint' to check XML markup files
[13.560s] -- Configuring done (13.5s)
[13.830s] -- Generating done (0.2s)
[13.885s] -- Build files have been written to: /home/lidia/ros2_ws/src/build/uc1_tactile_images
[13.920s] Invoked command in '/home/lidia/ros2_ws/src/build/uc1_tactile_images' returned '0': CMAKE_PREFIX_PATH=/home/lidia/ros2_ws/install/uc1_tactile_images:/opt/ros/jazzy:/home/lidia/ros2_ws/install/cyskin_acquisition:/opt/ros/jazzy/opt/gz_math_vendor:/opt/ros/jazzy/opt/gz_utils_vendor:/opt/ros/jazzy/opt/gz_cmake_vendor DEBUGINFOD_URLS=https://debuginfod.ubuntu.com /usr/bin/cmake /home/lidia/ros2_ws/src/uc1_tactile_images -DCMAKE_INSTALL_PREFIX=/home/lidia/ros2_ws/src/install/uc1_tactile_images
[13.923s] Invoking command in '/home/lidia/ros2_ws/src/build/uc1_tactile_images': CMAKE_PREFIX_PATH=/home/lidia/ros2_ws/install/uc1_tactile_images:/opt/ros/jazzy:/home/lidia/ros2_ws/install/cyskin_acquisition:/opt/ros/jazzy/opt/gz_math_vendor:/opt/ros/jazzy/opt/gz_utils_vendor:/opt/ros/jazzy/opt/gz_cmake_vendor DEBUGINFOD_URLS=https://debuginfod.ubuntu.com /usr/bin/cmake --build /home/lidia/ros2_ws/src/build/uc1_tactile_images -- -j8 -l8
[14.047s] [  2%] [34m[1mGenerating type hashes for ROS interfaces[0m
[14.073s] [  2%] Built target ament_cmake_python_copy_uc1_tactile_images
[14.535s] [  2%] Built target uc1_tactile_images__rosidl_generator_type_description
[14.552s] [  5%] [34m[1mGenerating C code for ROS interfaces[0m
[14.567s] [  7%] [34m[1mGenerating C++ code for ROS interfaces[0m
[14.575s] running egg_info
[14.576s] creating uc1_tactile_images.egg-info
[14.610s] writing uc1_tactile_images.egg-info/PKG-INFO
[14.611s] writing dependency_links to uc1_tactile_images.egg-info/dependency_links.txt
[14.611s] writing top-level names to uc1_tactile_images.egg-info/top_level.txt
[14.611s] writing manifest file 'uc1_tactile_images.egg-info/SOURCES.txt'
[14.709s] reading manifest file 'uc1_tactile_images.egg-info/SOURCES.txt'
[14.710s] writing manifest file 'uc1_tactile_images.egg-info/SOURCES.txt'
[14.751s] [  7%] Built target ament_cmake_python_build_uc1_tactile_images_egg
[14.932s] [  7%] Built target uc1_tactile_images__cpp
[14.974s] [ 12%] [32mBuilding C object CMakeFiles/uc1_tactile_images__rosidl_generator_c.dir/rosidl_generator_c/uc1_tactile_images/msg/detail/image_array_link__description.c.o[0m
[14.974s] [ 12%] [32mBuilding C object CMakeFiles/uc1_tactile_images__rosidl_generator_c.dir/rosidl_generator_c/uc1_tactile_images/msg/detail/image_array_link__functions.c.o[0m
[14.975s] [ 15%] [32mBuilding C object CMakeFiles/uc1_tactile_images__rosidl_generator_c.dir/rosidl_generator_c/uc1_tactile_images/msg/detail/image_array_link__type_support.c.o[0m
[15.059s] [ 17%] [32m[1mLinking C shared library libuc1_tactile_images__rosidl_generator_c.so[0m
[15.162s] [ 17%] Built target uc1_tactile_images__rosidl_generator_c
[15.198s] [ 22%] [34m[1mGenerating C type support for eProsima Fast-RTPS[0m
[15.199s] [ 22%] [34m[1mGenerating C++ type support for eProsima Fast-RTPS[0m
[15.206s] [ 25%] [34m[1mGenerating C++ type support dispatch for ROS interfaces[0m
[15.207s] [ 27%] [34m[1mGenerating C introspection for ROS interfaces[0m
[15.209s] [ 30%] [34m[1mGenerating C type support dispatch for ROS interfaces[0m
[15.212s] [ 32%] [34m[1mGenerating C++ introspection for ROS interfaces[0m
[15.747s] [ 35%] [32mBuilding C object CMakeFiles/uc1_tactile_images__rosidl_typesupport_introspection_c.dir/rosidl_typesupport_introspection_c/uc1_tactile_images/msg/detail/image_array_link__type_support.c.o[0m
[15.776s] [ 37%] [32mBuilding CXX object CMakeFiles/uc1_tactile_images__rosidl_typesupport_fastrtps_c.dir/rosidl_typesupport_fastrtps_c/uc1_tactile_images/msg/detail/image_array_link__type_support_c.cpp.o[0m
[15.817s] [ 40%] [32m[1mLinking C shared library libuc1_tactile_images__rosidl_typesupport_introspection_c.so[0m
[15.897s] [ 40%] Built target uc1_tactile_images__rosidl_typesupport_introspection_c
[15.904s] [ 42%] [32mBuilding CXX object CMakeFiles/uc1_tactile_images__rosidl_typesupport_cpp.dir/rosidl_typesupport_cpp/uc1_tactile_images/msg/image_array_link__type_support.cpp.o[0m
[15.928s] [ 45%] [32mBuilding CXX object CMakeFiles/uc1_tactile_images__rosidl_typesupport_introspection_cpp.dir/rosidl_typesupport_introspection_cpp/uc1_tactile_images/msg/detail/image_array_link__type_support.cpp.o[0m
[15.930s] [ 47%] [32mBuilding CXX object CMakeFiles/uc1_tactile_images__rosidl_typesupport_c.dir/rosidl_typesupport_c/uc1_tactile_images/msg/image_array_link__type_support.cpp.o[0m
[15.957s] [ 50%] [32mBuilding CXX object CMakeFiles/uc1_tactile_images__rosidl_typesupport_fastrtps_cpp.dir/rosidl_typesupport_fastrtps_cpp/uc1_tactile_images/msg/detail/dds_fastrtps/image_array_link__type_support.cpp.o[0m
[16.018s] [ 52%] [32m[1mLinking CXX shared library libuc1_tactile_images__rosidl_typesupport_c.so[0m
[16.100s] [ 52%] Built target uc1_tactile_images__rosidl_typesupport_c
[16.533s] [ 55%] [32m[1mLinking CXX shared library libuc1_tactile_images__rosidl_typesupport_cpp.so[0m
[16.586s] [ 57%] [32m[1mLinking CXX shared library libuc1_tactile_images__rosidl_typesupport_fastrtps_c.so[0m
[16.600s] [ 60%] [32m[1mLinking CXX shared library libuc1_tactile_images__rosidl_typesupport_introspection_cpp.so[0m
[16.604s] [ 60%] Built target uc1_tactile_images__rosidl_typesupport_cpp
[16.666s] [ 60%] Built target uc1_tactile_images__rosidl_typesupport_fastrtps_c
[16.725s] [ 60%] Built target uc1_tactile_images__rosidl_typesupport_introspection_cpp
[16.851s] [ 62%] [32m[1mLinking CXX shared library libuc1_tactile_images__rosidl_typesupport_fastrtps_cpp.so[0m
[16.937s] [ 62%] Built target uc1_tactile_images__rosidl_typesupport_fastrtps_cpp
[16.980s] [ 62%] Built target uc1_tactile_images
[17.019s] gmake[2]: *** No rule to make target '/home/lidia/ros2_ws/src/robotskinlib/build/librobotskin.so', needed by 'tactile_image_publisher_hexagon'.  Stop.
[17.019s] gmake[2]: *** Waiting for unfinished jobs....
[17.020s] gmake[2]: *** No rule to make target '/home/lidia/ros2_ws/src/robotskinlib/build/librobotskin.so', needed by 'tactile_image_publisher'.  Stop.
[17.020s] gmake[2]: *** Waiting for unfinished jobs....
[17.021s] gmake[2]: *** No rule to make target '/home/lidia/ros2_ws/src/robotskinlib/build/librobotskin.so', needed by 'tactile_image_publisher_curved_gesture'.  Stop.
[17.022s] gmake[2]: *** Waiting for unfinished jobs....
[17.040s] [ 67%] [32mBuilding CXX object CMakeFiles/tactile_image_publisher_curved_gesture.dir/src/TactileImagePublisherCurvedGesture.cpp.o[0m
[17.040s] [ 67%] [34m[1mGenerating Python code for ROS interfaces[0m
[17.046s] [ 70%] [32mBuilding CXX object CMakeFiles/tactile_image_publisher.dir/src/TactileImagePublisher.cpp.o[0m
[17.047s] [ 72%] [32mBuilding CXX object CMakeFiles/tactile_image_publisher_hexagon.dir/src/TactileImagePublisherHexagon.cpp.o[0m
[17.088s] [01m[K/home/lidia/ros2_ws/src/uc1_tactile_images/src/TactileImagePublisher.cpp:1:10:[m[K [01;31m[Kfatal error: [m[Krsl_typenames.hpp: No such file or directory
[17.089s]     1 | #include [01;31m[K"rsl_typenames.hpp"[m[K
[17.089s]       |          [01;31m[K^~~~~~~~~~~~~~~~~~~[m[K
[17.090s] [01m[K/home/lidia/ros2_ws/src/uc1_tactile_images/src/TactileImagePublisherHexagon.cpp:1:10:[m[K [01;31m[Kfatal error: [m[Krsl_typenames.hpp: No such file or directory
[17.090s]     1 | #include [01;31m[K"rsl_typenames.hpp"[m[K
[17.091s]       |          [01;31m[K^~~~~~~~~~~~~~~~~~~[m[K
[17.092s] compilation terminated.
[17.092s] [01m[K/home/lidia/ros2_ws/src/uc1_tactile_images/src/TactileImagePublisherCurvedGesture.cpp:1:10:[m[K [01;31m[Kfatal error: [m[Krsl_typenames.hpp: No such file or directory
[17.093s]     1 | #include [01;31m[K"rsl_typenames.hpp"[m[K
[17.094s]       |          [01;31m[K^~~~~~~~~~~~~~~~~~~[m[K
[17.094s] compilation terminated.
[17.094s] compilation terminated.
[17.095s] gmake[2]: *** [CMakeFiles/tactile_image_publisher.dir/build.make:76: CMakeFiles/tactile_image_publisher.dir/src/TactileImagePublisher.cpp.o] Error 1
[17.095s] gmake[2]: *** [CMakeFiles/tactile_image_publisher_curved_gesture.dir/build.make:76: CMakeFiles/tactile_image_publisher_curved_gesture.dir/src/TactileImagePublisherCurvedGesture.cpp.o] Error 1
[17.096s] gmake[1]: *** [CMakeFiles/Makefile2:688: CMakeFiles/tactile_image_publisher_curved_gesture.dir/all] Error 2
[17.096s] gmake[1]: *** Waiting for unfinished jobs....
[17.097s] gmake[1]: *** [CMakeFiles/Makefile2:630: CMakeFiles/tactile_image_publisher.dir/all] Error 2
[17.097s] gmake[2]: *** [CMakeFiles/tactile_image_publisher_hexagon.dir/build.make:76: CMakeFiles/tactile_image_publisher_hexagon.dir/src/TactileImagePublisherHexagon.cpp.o] Error 1
[17.098s] gmake[1]: *** [CMakeFiles/Makefile2:659: CMakeFiles/tactile_image_publisher_hexagon.dir/all] Error 2
[17.529s] [ 72%] Built target uc1_tactile_images__py
[17.531s] gmake: *** [Makefile:146: all] Error 2
[17.534s] Invoked command in '/home/lidia/ros2_ws/src/build/uc1_tactile_images' returned '2': CMAKE_PREFIX_PATH=/home/lidia/ros2_ws/install/uc1_tactile_images:/opt/ros/jazzy:/home/lidia/ros2_ws/install/cyskin_acquisition:/opt/ros/jazzy/opt/gz_math_vendor:/opt/ros/jazzy/opt/gz_utils_vendor:/opt/ros/jazzy/opt/gz_cmake_vendor DEBUGINFOD_URLS=https://debuginfod.ubuntu.com /usr/bin/cmake --build /home/lidia/ros2_ws/src/build/uc1_tactile_images -- -j8 -l8
