[0.019s] Invoking command in '/home/lidia/ros2_ws/build/uc1_tactile_images': CMAKE_PREFIX_PATH=${CMAKE_PREFIX_PATH}:/opt/ros/jazzy DEBUGINFOD_URLS=https://debuginfod.ubuntu.com /usr/bin/cmake /home/lidia/ros2_ws/src/uc1_tactile_images -DCMAKE_INSTALL_PREFIX=/home/lidia/ros2_ws/install/uc1_tactile_images
[0.128s] -- The C compiler identification is GNU 13.3.0
[0.242s] -- The CXX compiler identification is GNU 13.3.0
[0.272s] -- Detecting C compiler ABI info
[0.430s] -- Detecting C compiler ABI info - done
[0.454s] -- Check for working C compiler: /usr/bin/cc - skipped
[0.455s] -- Detecting C compile features
[0.456s] -- Detecting C compile features - done
[0.475s] -- Detecting CXX compiler ABI info
[0.668s] -- Detecting CXX compiler ABI info - done
[0.691s] -- Check for working CXX compiler: /usr/bin/c++ - skipped
[0.692s] -- Detecting CXX compile features
[0.693s] -- Detecting CXX compile features - done
[0.699s] -- Found ament_cmake: 2.5.4 (/opt/ros/jazzy/share/ament_cmake/cmake)
[1.000s] -- Found Python3: /usr/bin/python3 (found version "3.12.3") found components: Interpreter 
[1.226s] -- Found rclcpp: 28.1.12 (/opt/ros/jazzy/share/rclcpp/cmake)
[1.317s] -- Found rosidl_generator_c: 4.6.6 (/opt/ros/jazzy/share/rosidl_generator_c/cmake)
[1.349s] -- Found rosidl_generator_cpp: 4.6.6 (/opt/ros/jazzy/share/rosidl_generator_cpp/cmake)
[1.387s] -- Using all available rosidl_typesupport_c: rosidl_typesupport_fastrtps_c;rosidl_typesupport_introspection_c
[1.432s] -- Using all available rosidl_typesupport_cpp: rosidl_typesupport_fastrtps_cpp;rosidl_typesupport_introspection_cpp
[1.626s] -- Found rmw_implementation_cmake: 7.3.2 (/opt/ros/jazzy/share/rmw_implementation_cmake/cmake)
[1.632s] -- Found rmw_fastrtps_cpp: 8.4.3 (/opt/ros/jazzy/share/rmw_fastrtps_cpp/cmake)
[1.796s] -- Found OpenSSL: /usr/lib/x86_64-linux-gnu/libcrypto.so (found version "3.0.13")  
[1.840s] -- Found FastRTPS: /opt/ros/jazzy/include (Required is at least version "2.13") 
[1.892s] -- Using RMW implementation 'rmw_fastrtps_cpp' as default
[2.081s] -- Found example_interfaces: 0.12.0 (/opt/ros/jazzy/share/example_interfaces/cmake)
[2.234s] -- Found std_msgs: 5.3.6 (/opt/ros/jazzy/share/std_msgs/cmake)
[2.272s] -- Found sensor_msgs: 5.3.6 (/opt/ros/jazzy/share/sensor_msgs/cmake)
[2.383s] -- Found visualization_msgs: 5.3.6 (/opt/ros/jazzy/share/visualization_msgs/cmake)
[2.472s] -- Found interactive_markers: 2.5.5 (/opt/ros/jazzy/share/interactive_markers/cmake)
[2.546s] -- Found tf2_ros: 0.36.14 (/opt/ros/jazzy/share/tf2_ros/cmake)
[3.240s] -- Found tf2_eigen: 0.36.14 (/opt/ros/jazzy/share/tf2_eigen/cmake)
[3.308s] -- Found tf2_geometry_msgs: 0.36.14 (/opt/ros/jazzy/share/tf2_geometry_msgs/cmake)
[3.371s] -- Found eigen3_cmake_module: 0.3.0 (/opt/ros/jazzy/share/eigen3_cmake_module/cmake)
[3.379s] -- Found Eigen3: TRUE (found version "3.4.0") 
[3.382s] -- Ensuring Eigen3 include directory is part of orocos-kdl CMake target
[3.407s] -- Found pcl_conversions: 2.6.2 (/opt/ros/jazzy/share/pcl_conversions/cmake)
[3.893s] [33mCMake Warning (dev) at /usr/lib/x86_64-linux-gnu/cmake/pcl/Modules/FindFLANN.cmake:45 (find_package):
[3.893s]   Policy CMP0144 is not set: find_package uses upper-case <PACKAGENAME>_ROOT
[3.893s]   variables.  Run "cmake --help-policy CMP0144" for policy details.  Use the
[3.894s]   cmake_policy command to set the policy and suppress this warning.
[3.894s] 
[3.897s]   CMake variable FLANN_ROOT is set to:
[3.898s] 
[3.898s]     /usr
[3.900s] 
[3.900s]   For compatibility, find_package is ignoring the variable, but code in a
[3.901s]   .cmake module might still use it.
[3.901s] Call Stack (most recent call first):
[3.901s]   /usr/lib/x86_64-linux-gnu/cmake/pcl/PCLConfig.cmake:261 (find_package)
[3.902s]   /usr/lib/x86_64-linux-gnu/cmake/pcl/PCLConfig.cmake:306 (find_flann)
[3.902s]   /usr/lib/x86_64-linux-gnu/cmake/pcl/PCLConfig.cmake:570 (find_external_library)
[3.902s]   /opt/ros/jazzy/share/pcl_conversions/cmake/ament_cmake_export_dependencies-extras.cmake:21 (find_package)
[3.902s]   /opt/ros/jazzy/share/pcl_conversions/cmake/pcl_conversionsConfig.cmake:41 (include)
[3.903s]   CMakeLists.txt:27 (find_package)
[3.903s] This warning is for project developers.  Use -Wno-dev to suppress it.
[3.908s] [0m
[3.912s] -- Found flann version 1.9.2
[5.603s] -- Found OpenMP_CXX: -fopenmp (found version "4.5") 
[5.607s] -- Found OpenMP: TRUE (found version "4.5") found components: CXX 
[9.765s] -- Checking for module 'libusb-1.0'
[9.811s] --   Found libusb-1.0, version 1.0.27
[9.921s] -- Found libusb: /usr/lib/x86_64-linux-gnu/libusb-1.0.so  
[9.925s] -- OpenNI found (version: 1.5.4.0, include: /usr/include/ni, lib: /usr/lib/libOpenNI.so;libusb::libusb)
[10.100s] -- OpenNI2 found (version: 2.2.0.33, include: /usr/include/openni2, lib: /usr/lib/x86_64-linux-gnu/libOpenNI2.so;libusb::libusb)
[10.116s] -- Could NOT find Pcap (missing: PCAP_LIBRARIES PCAP_INCLUDE_DIRS) 
[10.165s] -- Found ZLIB: /usr/lib/x86_64-linux-gnu/libz.so (found version "1.3")  
[10.236s] -- Found PNG: /usr/lib/x86_64-linux-gnu/libpng.so (found version "1.6.43") 
[11.764s] -- OpenNI found (version: 1.5.4.0, include: /usr/include/ni, lib: /usr/lib/libOpenNI.so;libusb::libusb)
[11.785s] -- OpenNI2 found (version: 2.2.0.33, include: /usr/include/openni2, lib: /usr/lib/x86_64-linux-gnu/libOpenNI2.so;libusb::libusb)
[12.792s] -- Found Qhull version 8.0.2
[13.759s] -- OpenNI found (version: 1.5.4.0, include: /usr/include/ni, lib: /usr/lib/libOpenNI.so;libusb::libusb)
[14.655s] -- Found PCL_COMMON: /usr/lib/x86_64-linux-gnu/libpcl_common.so  
[14.658s] -- Found PCL_KDTREE: /usr/lib/x86_64-linux-gnu/libpcl_kdtree.so  
[14.661s] -- Found PCL_OCTREE: /usr/lib/x86_64-linux-gnu/libpcl_octree.so  
[14.665s] -- Found PCL_SEARCH: /usr/lib/x86_64-linux-gnu/libpcl_search.so  
[14.668s] -- Found PCL_SAMPLE_CONSENSUS: /usr/lib/x86_64-linux-gnu/libpcl_sample_consensus.so  
[14.671s] -- Found PCL_FILTERS: /usr/lib/x86_64-linux-gnu/libpcl_filters.so  
[14.672s] -- Found PCL_2D: /usr/include/pcl-1.14  
[14.674s] -- Found PCL_GEOMETRY: /usr/include/pcl-1.14  
[14.677s] -- Found PCL_IO: /usr/lib/x86_64-linux-gnu/libpcl_io.so  
[14.680s] -- Found PCL_FEATURES: /usr/lib/x86_64-linux-gnu/libpcl_features.so  
[14.684s] -- Found PCL_ML: /usr/lib/x86_64-linux-gnu/libpcl_ml.so  
[14.687s] -- Found PCL_SEGMENTATION: /usr/lib/x86_64-linux-gnu/libpcl_segmentation.so  
[14.691s] -- Found PCL_VISUALIZATION: /usr/lib/x86_64-linux-gnu/libpcl_visualization.so  
[14.695s] -- Found PCL_SURFACE: /usr/lib/x86_64-linux-gnu/libpcl_surface.so  
[14.698s] -- Found PCL_REGISTRATION: /usr/lib/x86_64-linux-gnu/libpcl_registration.so  
[14.702s] -- Found PCL_KEYPOINTS: /usr/lib/x86_64-linux-gnu/libpcl_keypoints.so  
[14.705s] -- Found PCL_TRACKING: /usr/lib/x86_64-linux-gnu/libpcl_tracking.so  
[14.709s] -- Found PCL_RECOGNITION: /usr/lib/x86_64-linux-gnu/libpcl_recognition.so  
[14.712s] -- Found PCL_STEREO: /usr/lib/x86_64-linux-gnu/libpcl_stereo.so  
[14.715s] -- Found PCL_APPS: /usr/lib/x86_64-linux-gnu/libpcl_apps.so  
[14.718s] -- Found PCL_IN_HAND_SCANNER: /usr/include/pcl-1.14  
[14.719s] -- Found PCL_MODELER: /usr/include/pcl-1.14  
[14.720s] -- Found PCL_POINT_CLOUD_EDITOR: /usr/include/pcl-1.14  
[14.724s] -- Found PCL_OUTOFCORE: /usr/lib/x86_64-linux-gnu/libpcl_outofcore.so  
[14.727s] -- Found PCL_PEOPLE: /usr/lib/x86_64-linux-gnu/libpcl_people.so  
[14.736s] -- Found pcl_ros: 2.6.2 (/opt/ros/jazzy/share/pcl_ros/cmake)
[14.799s] -- Found urdf: 2.10.0 (/opt/ros/jazzy/share/urdf/cmake)
[14.837s] -- Could NOT find Doxygen (missing: DOXYGEN_EXECUTABLE) 
[14.856s] -- Found cv_bridge: 4.1.0 (/opt/ros/jazzy/share/cv_bridge/cmake)
[14.896s] -- Found OpenCV: /usr (found version "4.6.0") 
[14.899s] -- Found image_transport: 5.1.7 (/opt/ros/jazzy/share/image_transport/cmake)
[14.911s] -- Found rosidl_default_generators: 1.6.0 (/opt/ros/jazzy/share/rosidl_default_generators/cmake)
[14.943s] -- Found rosidl_adapter: 4.6.6 (/opt/ros/jazzy/share/rosidl_adapter/cmake)
[16.336s] -- Found ament_cmake_ros: 0.12.0 (/opt/ros/jazzy/share/ament_cmake_ros/cmake)
[18.380s] -- Using all available rosidl_typesupport_c: rosidl_typesupport_fastrtps_c;rosidl_typesupport_introspection_c
[19.193s] -- Using all available rosidl_typesupport_cpp: rosidl_typesupport_fastrtps_cpp;rosidl_typesupport_introspection_cpp
[19.198s] -- Found python_cmake_module: 0.11.1 (/opt/ros/jazzy/share/python_cmake_module/cmake)
[19.495s] -- Found PythonExtra: /usr/bin/python3  
[20.452s] -- Found Python3: /usr/bin/python3 (found version "3.12.3") found components: Interpreter Development NumPy Development.Module Development.Embed 
[20.625s] -- OPTIONS: OPENCV support ENABLED
[20.662s] [0mCMake Deprecation Warning at /opt/ros/jazzy/share/rosidl_cmake/cmake/rosidl_target_interfaces.cmake:32 (message):
[20.662s]   Use rosidl_get_typesupport_target() and target_link_libraries() instead of
[20.662s]   rosidl_target_interfaces().  i.e:
[20.663s] 
[20.663s]     rosidl_get_typesupport_target(cpp_typesupport_target "${PROJECT_NAME}" "rosidl_typesupport_cpp")
[20.663s]     target_link_libraries(${PROJECT_NAME}_node "${cpp_typesupport_target}")
[20.664s] 
[20.664s] Call Stack (most recent call first):
[20.664s]   CMakeLists.txt:109 (rosidl_target_interfaces)
[20.664s] 
[20.665s] [0m
[20.699s] [0mCMake Deprecation Warning at /opt/ros/jazzy/share/rosidl_cmake/cmake/rosidl_target_interfaces.cmake:32 (message):
[20.699s]   Use rosidl_get_typesupport_target() and target_link_libraries() instead of
[20.699s]   rosidl_target_interfaces().  i.e:
[20.700s] 
[20.700s]     rosidl_get_typesupport_target(cpp_typesupport_target "${PROJECT_NAME}" "rosidl_typesupport_cpp")
[20.700s]     target_link_libraries(${PROJECT_NAME}_node "${cpp_typesupport_target}")
[20.701s] 
[20.701s] Call Stack (most recent call first):
[20.701s]   CMakeLists.txt:139 (rosidl_target_interfaces)
[20.702s] 
[20.702s] [0m
[20.736s] [0mCMake Deprecation Warning at /opt/ros/jazzy/share/rosidl_cmake/cmake/rosidl_target_interfaces.cmake:32 (message):
[20.737s]   Use rosidl_get_typesupport_target() and target_link_libraries() instead of
[20.737s]   rosidl_target_interfaces().  i.e:
[20.737s] 
[20.737s]     rosidl_get_typesupport_target(cpp_typesupport_target "${PROJECT_NAME}" "rosidl_typesupport_cpp")
[20.737s]     target_link_libraries(${PROJECT_NAME}_node "${cpp_typesupport_target}")
[20.737s] 
[20.738s] Call Stack (most recent call first):
[20.738s]   CMakeLists.txt:169 (rosidl_target_interfaces)
[20.738s] 
[20.738s] [0m
[20.740s] -- Found ament_lint_auto: 0.17.3 (/opt/ros/jazzy/share/ament_lint_auto/cmake)
[20.874s] -- Added test 'cppcheck' to perform static code analysis on C / C++ code
[20.881s] -- Configured cppcheck include dirs: /home/lidia/ros2_ws/src/uc1_tactile_images/include
[20.881s] -- Configured cppcheck exclude dirs and/or files: 
[20.886s] -- Added test 'flake8' to check Python code syntax and style conventions
[20.886s] -- Configured 'flake8' exclude dirs and/or files: 
[20.894s] -- Added test 'lint_cmake' to check CMake code style
[20.899s] -- Added test 'pep257' to check Python code against some of the docstring style conventions in PEP 257
[20.927s] -- Added test 'uncrustify' to check C / C++ code style
[20.927s] -- Configured uncrustify additional arguments: 
[20.932s] -- Added test 'xmllint' to check XML markup files
[20.938s] -- Configuring done (20.9s)
[21.298s] -- Generating done (0.3s)
[21.359s] -- Build files have been written to: /home/lidia/ros2_ws/build/uc1_tactile_images
[21.405s] Invoked command in '/home/lidia/ros2_ws/build/uc1_tactile_images' returned '0': CMAKE_PREFIX_PATH=${CMAKE_PREFIX_PATH}:/opt/ros/jazzy DEBUGINFOD_URLS=https://debuginfod.ubuntu.com /usr/bin/cmake /home/lidia/ros2_ws/src/uc1_tactile_images -DCMAKE_INSTALL_PREFIX=/home/lidia/ros2_ws/install/uc1_tactile_images
[21.408s] Invoking command in '/home/lidia/ros2_ws/build/uc1_tactile_images': CMAKE_PREFIX_PATH=${CMAKE_PREFIX_PATH}:/opt/ros/jazzy DEBUGINFOD_URLS=https://debuginfod.ubuntu.com /usr/bin/cmake --build /home/lidia/ros2_ws/build/uc1_tactile_images -- -j8 -l8
[21.509s] [  2%] [34m[1mGenerating type hashes for ROS interfaces[0m
[21.525s] [  2%] Built target ament_cmake_python_copy_uc1_tactile_images
[21.942s] [  2%] Built target uc1_tactile_images__rosidl_generator_type_description
[21.962s] [  5%] [34m[1mGenerating C code for ROS interfaces[0m
[21.981s] [  7%] [34m[1mGenerating C++ code for ROS interfaces[0m
[22.031s] running egg_info
[22.033s] creating uc1_tactile_images.egg-info
[22.083s] writing uc1_tactile_images.egg-info/PKG-INFO
[22.083s] writing dependency_links to uc1_tactile_images.egg-info/dependency_links.txt
[22.084s] writing top-level names to uc1_tactile_images.egg-info/top_level.txt
[22.084s] writing manifest file 'uc1_tactile_images.egg-info/SOURCES.txt'
[22.228s] reading manifest file 'uc1_tactile_images.egg-info/SOURCES.txt'
[22.229s] writing manifest file 'uc1_tactile_images.egg-info/SOURCES.txt'
[22.286s] [  7%] Built target ament_cmake_python_build_uc1_tactile_images_egg
[22.506s] [  7%] Built target uc1_tactile_images__cpp
[22.561s] [ 15%] [32mBuilding C object CMakeFiles/uc1_tactile_images__rosidl_generator_c.dir/rosidl_generator_c/uc1_tactile_images/msg/detail/image_array_link__functions.c.o[0m
[22.561s] [ 15%] [32mBuilding C object CMakeFiles/uc1_tactile_images__rosidl_generator_c.dir/rosidl_generator_c/uc1_tactile_images/msg/detail/image_array_link__description.c.o[0m
[22.561s] [ 15%] [32mBuilding C object CMakeFiles/uc1_tactile_images__rosidl_generator_c.dir/rosidl_generator_c/uc1_tactile_images/msg/detail/image_array_link__type_support.c.o[0m
[22.663s] [ 17%] [32m[1mLinking C shared library libuc1_tactile_images__rosidl_generator_c.so[0m
[22.734s] [ 17%] Built target uc1_tactile_images__rosidl_generator_c
[22.753s] [ 20%] [34m[1mGenerating C type support for eProsima Fast-RTPS[0m
[22.755s] [ 22%] [34m[1mGenerating C++ introspection for ROS interfaces[0m
[22.758s] [ 25%] [34m[1mGenerating C++ type support dispatch for ROS interfaces[0m
[22.760s] [ 27%] [34m[1mGenerating C introspection for ROS interfaces[0m
[22.761s] [ 30%] [34m[1mGenerating C++ type support for eProsima Fast-RTPS[0m
[22.761s] [ 32%] [34m[1mGenerating C type support dispatch for ROS interfaces[0m
[23.249s] [ 35%] [32mBuilding CXX object CMakeFiles/uc1_tactile_images__rosidl_typesupport_c.dir/rosidl_typesupport_c/uc1_tactile_images/msg/image_array_link__type_support.cpp.o[0m
[23.338s] [ 37%] [32m[1mLinking CXX shared library libuc1_tactile_images__rosidl_typesupport_c.so[0m
[23.419s] [ 37%] Built target uc1_tactile_images__rosidl_typesupport_c
[23.487s] [ 40%] [32mBuilding CXX object CMakeFiles/uc1_tactile_images__rosidl_typesupport_fastrtps_c.dir/rosidl_typesupport_fastrtps_c/uc1_tactile_images/msg/detail/image_array_link__type_support_c.cpp.o[0m
[23.518s] [ 42%] [32mBuilding CXX object CMakeFiles/uc1_tactile_images__rosidl_typesupport_cpp.dir/rosidl_typesupport_cpp/uc1_tactile_images/msg/image_array_link__type_support.cpp.o[0m
[23.585s] [ 45%] [32mBuilding C object CMakeFiles/uc1_tactile_images__rosidl_typesupport_introspection_c.dir/rosidl_typesupport_introspection_c/uc1_tactile_images/msg/detail/image_array_link__type_support.c.o[0m
[23.612s] [ 47%] [32mBuilding CXX object CMakeFiles/uc1_tactile_images__rosidl_typesupport_introspection_cpp.dir/rosidl_typesupport_introspection_cpp/uc1_tactile_images/msg/detail/image_array_link__type_support.cpp.o[0m
[23.633s] [ 50%] [32mBuilding CXX object CMakeFiles/uc1_tactile_images__rosidl_typesupport_fastrtps_cpp.dir/rosidl_typesupport_fastrtps_cpp/uc1_tactile_images/msg/detail/dds_fastrtps/image_array_link__type_support.cpp.o[0m
[23.714s] [ 52%] [32m[1mLinking C shared library libuc1_tactile_images__rosidl_typesupport_introspection_c.so[0m
[23.804s] [ 52%] Built target uc1_tactile_images__rosidl_typesupport_introspection_c
[24.439s] [ 55%] [32m[1mLinking CXX shared library libuc1_tactile_images__rosidl_typesupport_cpp.so[0m
[24.521s] [ 55%] Built target uc1_tactile_images__rosidl_typesupport_cpp
[24.560s] [ 57%] [32m[1mLinking CXX shared library libuc1_tactile_images__rosidl_typesupport_fastrtps_c.so[0m
[24.660s] [ 60%] [32m[1mLinking CXX shared library libuc1_tactile_images__rosidl_typesupport_introspection_cpp.so[0m
[24.661s] [ 60%] Built target uc1_tactile_images__rosidl_typesupport_fastrtps_c
[24.696s] [ 62%] [32m[1mLinking CXX shared library libuc1_tactile_images__rosidl_typesupport_fastrtps_cpp.so[0m
[24.797s] [ 62%] Built target uc1_tactile_images__rosidl_typesupport_fastrtps_cpp
[24.808s] [ 62%] Built target uc1_tactile_images__rosidl_typesupport_introspection_cpp
[24.844s] [ 62%] Built target uc1_tactile_images
[24.883s] [ 67%] [32mBuilding CXX object CMakeFiles/tactile_image_publisher.dir/src/TactileImagePublisher.cpp.o[0m
[24.883s] [ 67%] [32mBuilding CXX object CMakeFiles/tactile_image_publisher_curved_gesture.dir/src/TactileImagePublisherCurvedGesture.cpp.o[0m
[24.886s] [ 70%] [34m[1mGenerating Python code for ROS interfaces[0m
[24.888s] [ 72%] [32mBuilding CXX object CMakeFiles/tactile_image_publisher_hexagon.dir/src/TactileImagePublisherHexagon.cpp.o[0m
[25.489s] [ 72%] Built target uc1_tactile_images__py
[25.527s] [ 75%] [32mBuilding C object CMakeFiles/uc1_tactile_images__rosidl_generator_py.dir/rosidl_generator_py/uc1_tactile_images/msg/_image_array_link_s.c.o[0m
[25.793s] [01m[K/home/lidia/ros2_ws/src/uc1_tactile_images/src/TactileImagePublisher.cpp:9:10:[m[K [01;31m[Kfatal error: [m[Kcv_bridge/cv_bridge.h: No such file or directory
[25.793s]     9 | #include [01;31m[K<cv_bridge/cv_bridge.h>[m[K
[25.794s]       |          [01;31m[K^~~~~~~~~~~~~~~~~~~~~~~[m[K
[25.794s] compilation terminated.
[25.795s] [01m[K/home/lidia/ros2_ws/src/uc1_tactile_images/src/TactileImagePublisherCurvedGesture.cpp:9:10:[m[K [01;31m[Kfatal error: [m[Kcv_bridge/cv_bridge.h: No such file or directory
[25.795s]     9 | #include [01;31m[K<cv_bridge/cv_bridge.h>[m[K
[25.796s]       |          [01;31m[K^~~~~~~~~~~~~~~~~~~~~~~[m[K
[25.796s] compilation terminated.
[25.799s] [01m[K/home/lidia/ros2_ws/src/uc1_tactile_images/src/TactileImagePublisherHexagon.cpp:9:10:[m[K [01;31m[Kfatal error: [m[Kcv_bridge/cv_bridge.h: No such file or directory
[25.799s]     9 | #include [01;31m[K<cv_bridge/cv_bridge.h>[m[K
[25.799s]       |          [01;31m[K^~~~~~~~~~~~~~~~~~~~~~~[m[K
[25.799s] compilation terminated.
[25.801s] gmake[2]: *** [CMakeFiles/tactile_image_publisher.dir/build.make:76: CMakeFiles/tactile_image_publisher.dir/src/TactileImagePublisher.cpp.o] Error 1
[25.801s] gmake[1]: *** [CMakeFiles/Makefile2:630: CMakeFiles/tactile_image_publisher.dir/all] Error 2
[25.802s] gmake[1]: *** Waiting for unfinished jobs....
[25.804s] gmake[2]: *** [CMakeFiles/tactile_image_publisher_curved_gesture.dir/build.make:76: CMakeFiles/tactile_image_publisher_curved_gesture.dir/src/TactileImagePublisherCurvedGesture.cpp.o] Error 1
[25.804s] gmake[1]: *** [CMakeFiles/Makefile2:688: CMakeFiles/tactile_image_publisher_curved_gesture.dir/all] Error 2
[25.805s] [ 77%] [32m[1mLinking C shared library libuc1_tactile_images__rosidl_generator_py.so[0m
[25.806s] gmake[2]: *** [CMakeFiles/tactile_image_publisher_hexagon.dir/build.make:76: CMakeFiles/tactile_image_publisher_hexagon.dir/src/TactileImagePublisherHexagon.cpp.o] Error 1
[25.807s] gmake[1]: *** [CMakeFiles/Makefile2:659: CMakeFiles/tactile_image_publisher_hexagon.dir/all] Error 2
[25.893s] [ 77%] Built target uc1_tactile_images__rosidl_generator_py
[25.896s] gmake: *** [Makefile:146: all] Error 2
[25.899s] Invoked command in '/home/lidia/ros2_ws/build/uc1_tactile_images' returned '2': CMAKE_PREFIX_PATH=${CMAKE_PREFIX_PATH}:/opt/ros/jazzy DEBUGINFOD_URLS=https://debuginfod.ubuntu.com /usr/bin/cmake --build /home/lidia/ros2_ws/build/uc1_tactile_images -- -j8 -l8
